2018-01-03 14:55:07.984 - appl_begin INIT_URL=http://GCDTP054.GADAGET.COM:80/arithmetic operation/src-gen/Main.vxml|DEFAULTS=file://c:\Program Files\GCTI\gvp\VP Media Control Platform 8.1\GVP_Media_Control_Platform\config\defaults-ng.vxml|ANI=sip:5115@GCDTP054.GADAGET.COM:50601|DNIS=sip:dialog@192.168.1.14:5070;gvp.debug=true;voicexml=http://GCDTP054.GADAGET.COM:80/arithmetic%20operation%2Fsrc-gen%2FMain.vxml|PROTOCOLNAME=sip|PROTOCOLVERSION=2.0|CALLIDREF=a05462686efca198debb40ee41644e50@192.168.1.154|VXMLI_TYPE=NGI - 5
2018-01-03 14:55:07.984 - wf_lookup http://GCDTP054.GADAGET.COM:80/arithmetic operation/src-gen/Main.vxml - 5
2018-01-03 14:55:07.984 - fetch_start document:http://GCDTP054.GADAGET.COM:80/arithmetic operation/src-gen/Main.vxml - 5
2018-01-03 14:55:07.984 - wf_lookup file://c:/Program Files/GCTI/gvp/VP Media Control Platform 8.1/GVP_Media_Control_Platform/config/defaults-ng.vxml - 5
2018-01-03 14:55:07.984 - fetch_start document:file://c:/Program Files/GCTI/gvp/VP Media Control Platform 8.1/GVP_Media_Control_Platform/config/defaults-ng.vxml - 5
2018-01-03 14:55:07.984 - wf_arrived s (file):file://c:/Program Files/GCTI/gvp/VP Media Control Platform 8.1/GVP_Media_Control_Platform/config/defaults-ng.vxml - 5
2018-01-03 14:55:07.984 - wf_arrived s (direct):http://GCDTP054.GADAGET.COM:80/arithmetic operation/src-gen/Main.vxml - 5
2018-01-03 14:55:08.698 - fetch_start script:http://GCDTP054.GADAGET.COM:80/arithmetic%20operation/include/common.js - 78
2018-01-03 14:55:08.698 - fetch_end Done (revalidated):http://GCDTP054.GADAGET.COM:80/arithmetic%20operation/include/common.js - 78
2018-01-03 14:55:08.698 - eval_script external:../include/common.js done - 78
2018-01-03 14:55:08.698 - fetch_start script:http://GCDTP054.GADAGET.COM:80/arithmetic%20operation/include/ctic.js - 78
2018-01-03 14:55:08.698 - fetch_end Done (revalidated):http://GCDTP054.GADAGET.COM:80/arithmetic%20operation/include/ctic.js - 78
2018-01-03 14:55:08.699 - eval_script external:../include/ctic.js done - 78
2018-01-03 14:55:08.699 - fetch_start script:http://GCDTP054.GADAGET.COM:80/arithmetic%20operation/include/json.js - 78
2018-01-03 14:55:08.699 - fetch_end Done (revalidated):http://GCDTP054.GADAGET.COM:80/arithmetic%20operation/include/json.js - 78
2018-01-03 14:55:08.699 - eval_script external:../include/json.js done - 78
2018-01-03 14:55:08.699 - fetch_start script:http://GCDTP054.GADAGET.COM:80/arithmetic%20operation/include/DataAccess.js - 78
2018-01-03 14:55:08.699 - fetch_end Done (revalidated):http://GCDTP054.GADAGET.COM:80/arithmetic%20operation/include/DataAccess.js - 78
2018-01-03 14:55:08.699 - eval_script external:../include/DataAccess.js done - 78
2018-01-03 14:55:08.699 - eval_script inline:2306 done - 78
2018-01-03 14:55:08.699 - eval_expr <Script>expr{:AppState.VOXFILEDIR + '/PromptSwitch.js'}=../Resources/Prompts/PromptSwitch.js - 78
2018-01-03 14:55:08.699 - fetch_start script:http://GCDTP054.GADAGET.COM:80/arithmetic%20operation/Resources/Prompts/PromptSwitch.js - 78
2018-01-03 14:55:08.699 - fetch_end Done (revalidated):http://GCDTP054.GADAGET.COM:80/arithmetic%20operation/Resources/Prompts/PromptSwitch.js - 78
2018-01-03 14:55:08.699 - eval_script external:../Resources/Prompts/PromptSwitch.js done - 78
2018-01-03 14:55:08.699 - eval_expr <Script>expr{:AppState.VOXFILEDIR + '/en-US/en-US.js'}=../Resources/Prompts/en-US/en-US.js - 78
2018-01-03 14:55:08.699 - fetch_start script:http://GCDTP054.GADAGET.COM:80/arithmetic%20operation/Resources/Prompts/en-US/en-US.js - 78
2018-01-03 14:55:08.699 - fetch_end Done (revalidated):http://GCDTP054.GADAGET.COM:80/arithmetic%20operation/Resources/Prompts/en-US/en-US.js - 78
2018-01-03 14:55:08.699 - eval_script external:../Resources/Prompts/en-US/en-US.js done - 78
2018-01-03 14:55:08.699 - eval_script inline:21 done - 78
2018-01-03 14:55:08.699 - eval_expr <Script>expr{:AppState.VOXFILEDIR + '/en-US/customprompts.js'}=../Resources/Prompts/en-US/customprompts.js - 78
2018-01-03 14:55:08.699 - fetch_start script:http://GCDTP054.GADAGET.COM:80/arithmetic%20operation/Resources/Prompts/en-US/customprompts.js - 78
2018-01-03 14:55:08.699 - fetch_end Done (revalidated):http://GCDTP054.GADAGET.COM:80/arithmetic%20operation/Resources/Prompts/en-US/customprompts.js - 78
2018-01-03 14:55:08.699 - eval_script external:../Resources/Prompts/en-US/customprompts.js done - 78
2018-01-03 14:55:08.699 - compile_done :http://GCDTP054.GADAGET.COM:80/arithmetic operation/src-gen/Main.vxml - 78
2018-01-03 14:55:08.699 - form_select :__FORMITEM_NAME_$577$_:BLOCK - 78
2018-01-03 14:55:09.124 - goto :#Entry1 - 84
2018-01-03 14:55:09.124 - form_enter :Entry1 - 84
2018-01-03 14:55:09.124 - form_select :Entry:BLOCK - 84
2018-01-03 14:55:09.547 - goto :#Prompt1 - 92
2018-01-03 14:55:09.547 - form_enter :Prompt1 - 92
2018-01-03 14:55:09.547 - form_select :Prompt1P0:BLOCK - 92
2018-01-03 14:55:09.754 - eval_expr <Prompt>expr{:AppState.APP_LANGUAGE}=en-US - 97
2018-01-03 14:55:09.754 - form_select :__FORMITEM_NAME_$578$_:BLOCK - 97
2018-01-03 14:55:10.177 - goto :#Menu1 - 107
2018-01-03 14:55:10.178 - form_enter :Menu1 - 107
2018-01-03 14:55:10.178 - form_select :Menu1P0:BLOCK - 107
2018-01-03 14:55:10.385 - eval_expr <Prompt>expr{:AppState.APP_LANGUAGE}=en-US - 115
2018-01-03 14:55:10.385 - form_select :Menu1Option:FIELD - 115
2018-01-03 14:55:28.394 - input_start :VOICE - 136
2018-01-03 14:55:28.395 - prompt  - 136
2018-01-03 14:55:28.395 - prompt_play tts|<?xml version="1.0" encoding="UTF-8"?><speak version="1.0" xmlns="http://www.w3.org/2001/10/synthesis" xml:lang="en-US">welcome             press 1 for division     press 2 for subtraction     press 3 for multiplication</speak> - 136
2018-01-03 14:55:28.395 - prompt_end done - 136
2018-01-03 14:55:28.395 - input_end NO_INPUT||||| - 136
2018-01-03 14:55:28.395 - event noinput:1| - 136
2018-01-03 14:55:28.395 - event_handler_enter :noinput|http://GCDTP054.GADAGET.COM:80/arithmetic operation/src-gen/Main.vxml#Menu1 - 136
2018-01-03 14:55:28.817 - event com.genesyslab.composer.toomanynoinputs:1|exceeded the number of noinput retries - 300
2018-01-03 14:55:28.817 - event_handler_exit :noinput - 300
2018-01-03 14:55:28.817 - event_handler_enter :error .|http://GCDTP054.GADAGET.COM:80/arithmetic operation/src-gen/Main.vxml - 300
2018-01-03 14:55:29.232 - log com.genesyslab.quality.failure:error event terminated session - 305
2018-01-03 14:55:31.579 - prompt  - 0
2018-01-03 14:55:31.579 - fetch_start audio:file://C:\Program Files\GCTI\gvp\VP Media Control Platform 8.1\GVP_Media_Control_Platform\audio/ulaw\default_audio/sorry_there_has_been_an_error.vox - 0
2018-01-03 14:55:31.579 - fetch_end Done (file):file://C:\Program Files\GCTI\gvp\VP Media Control Platform 8.1\GVP_Media_Control_Platform\audio/ulaw\default_audio/sorry_there_has_been_an_error.vox - 0
2018-01-03 14:55:31.580 - prompt_play audio|builtin:default_audio/sorry_there_has_been_an_error.vox - 0
2018-01-03 14:55:31.580 - prompt_end done - 0
2018-01-03 14:55:31.580 - event_handler_exit :error . - 0
2018-01-03 14:55:31.580 - appl_end  - 0
