2018-02-23 15:32:03.309 - appl_begin INIT_URL=http://GCDTP054.GADAGET.COM:80/arithmetic operation/src-gen/Main.vxml|DEFAULTS=file://c:\Program Files\GCTI\gvp\VP Media Control Platform 8.1\GVP_Media_Control_Platform\config\defaults-ng.vxml|ANI=sip:5115@GCDTP054.GADAGET.COM:50601|DNIS=sip:dialog@192.168.1.14:5070;gvp.debug=true;voicexml=http://GCDTP054.GADAGET.COM:80/arithmetic%20operation%2Fsrc-gen%2FMain.vxml|PROTOCOLNAME=sip|PROTOCOLVERSION=2.0|CALLIDREF=063e0b04aab05eebbf483f7ece9e7c9f@192.168.1.154|VXMLI_TYPE=NGI - 5
2018-02-23 15:32:03.309 - wf_lookup http://GCDTP054.GADAGET.COM:80/arithmetic operation/src-gen/Main.vxml - 5
2018-02-23 15:32:03.309 - fetch_start document:http://GCDTP054.GADAGET.COM:80/arithmetic operation/src-gen/Main.vxml - 5
2018-02-23 15:32:03.309 - wf_lookup file://c:/Program Files/GCTI/gvp/VP Media Control Platform 8.1/GVP_Media_Control_Platform/config/defaults-ng.vxml - 5
2018-02-23 15:32:03.309 - fetch_start document:file://c:/Program Files/GCTI/gvp/VP Media Control Platform 8.1/GVP_Media_Control_Platform/config/defaults-ng.vxml - 5
2018-02-23 15:32:03.309 - wf_arrived s (file):file://c:/Program Files/GCTI/gvp/VP Media Control Platform 8.1/GVP_Media_Control_Platform/config/defaults-ng.vxml - 5
2018-02-23 15:32:03.310 - wf_arrived s (direct):http://GCDTP054.GADAGET.COM:80/arithmetic operation/src-gen/Main.vxml - 5
2018-02-23 15:32:04.676 - fetch_start script:http://GCDTP054.GADAGET.COM:80/arithmetic%20operation/include/common.js - 78
2018-02-23 15:32:04.676 - fetch_end Done (direct):http://GCDTP054.GADAGET.COM:80/arithmetic%20operation/include/common.js - 78
2018-02-23 15:32:04.677 - eval_script external:../include/common.js done - 78
2018-02-23 15:32:04.677 - fetch_start script:http://GCDTP054.GADAGET.COM:80/arithmetic%20operation/include/ctic.js - 78
2018-02-23 15:32:04.677 - fetch_end Done (direct):http://GCDTP054.GADAGET.COM:80/arithmetic%20operation/include/ctic.js - 78
2018-02-23 15:32:04.677 - eval_script external:../include/ctic.js done - 78
2018-02-23 15:32:04.677 - fetch_start script:http://GCDTP054.GADAGET.COM:80/arithmetic%20operation/include/json.js - 78
2018-02-23 15:32:04.677 - fetch_end Done (direct):http://GCDTP054.GADAGET.COM:80/arithmetic%20operation/include/json.js - 78
2018-02-23 15:32:04.678 - eval_script external:../include/json.js done - 78
2018-02-23 15:32:04.678 - fetch_start script:http://GCDTP054.GADAGET.COM:80/arithmetic%20operation/include/DataAccess.js - 78
2018-02-23 15:32:04.678 - fetch_end Done (direct):http://GCDTP054.GADAGET.COM:80/arithmetic%20operation/include/DataAccess.js - 78
2018-02-23 15:32:04.678 - eval_script external:../include/DataAccess.js done - 78
2018-02-23 15:32:04.682 - eval_script inline:2306 done - 78
2018-02-23 15:32:04.682 - eval_expr <Script>expr{:AppState.VOXFILEDIR + '/PromptSwitch.js'}=../Resources/Prompts/PromptSwitch.js - 78
2018-02-23 15:32:04.683 - fetch_start script:http://GCDTP054.GADAGET.COM:80/arithmetic%20operation/Resources/Prompts/PromptSwitch.js - 78
2018-02-23 15:32:04.683 - fetch_end Done (direct):http://GCDTP054.GADAGET.COM:80/arithmetic%20operation/Resources/Prompts/PromptSwitch.js - 78
2018-02-23 15:32:04.683 - eval_script external:../Resources/Prompts/PromptSwitch.js done - 78
2018-02-23 15:32:04.683 - eval_expr <Script>expr{:AppState.VOXFILEDIR + '/en-US/en-US.js'}=../Resources/Prompts/en-US/en-US.js - 78
2018-02-23 15:32:04.683 - fetch_start script:http://GCDTP054.GADAGET.COM:80/arithmetic%20operation/Resources/Prompts/en-US/en-US.js - 78
2018-02-23 15:32:04.683 - fetch_end Done (direct):http://GCDTP054.GADAGET.COM:80/arithmetic%20operation/Resources/Prompts/en-US/en-US.js - 78
2018-02-23 15:32:04.683 - eval_script external:../Resources/Prompts/en-US/en-US.js done - 78
2018-02-23 15:32:04.683 - eval_script inline:21 done - 78
2018-02-23 15:32:04.683 - eval_expr <Script>expr{:AppState.VOXFILEDIR + '/en-US/customprompts.js'}=../Resources/Prompts/en-US/customprompts.js - 78
2018-02-23 15:32:04.683 - fetch_start script:http://GCDTP054.GADAGET.COM:80/arithmetic%20operation/Resources/Prompts/en-US/customprompts.js - 78
2018-02-23 15:32:04.684 - fetch_end Done (direct):http://GCDTP054.GADAGET.COM:80/arithmetic%20operation/Resources/Prompts/en-US/customprompts.js - 78
2018-02-23 15:32:04.693 - eval_script external:../Resources/Prompts/en-US/customprompts.js done - 78
2018-02-23 15:32:04.693 - compile_done :http://GCDTP054.GADAGET.COM:80/arithmetic operation/src-gen/Main.vxml - 78
2018-02-23 15:32:04.695 - form_select :__FORMITEM_NAME_$76$_:BLOCK - 78
2018-02-23 15:32:05.126 - goto :#Entry1 - 84
2018-02-23 15:32:05.126 - form_enter :Entry1 - 84
2018-02-23 15:32:05.126 - form_select :Entry:BLOCK - 84
2018-02-23 15:32:05.545 - goto :#Prompt1 - 92
2018-02-23 15:32:05.545 - form_enter :Prompt1 - 92
2018-02-23 15:32:05.546 - form_select :Prompt1P0:BLOCK - 92
2018-02-23 15:32:05.749 - eval_expr <Prompt>expr{:AppState.APP_LANGUAGE}=en-US - 97
2018-02-23 15:32:05.749 - form_select :__FORMITEM_NAME_$77$_:BLOCK - 97
2018-02-23 15:32:06.168 - goto :#Menu1 - 107
2018-02-23 15:32:06.169 - form_enter :Menu1 - 107
2018-02-23 15:32:06.169 - form_select :Menu1P0:BLOCK - 107
2018-02-23 15:32:06.378 - eval_expr <Prompt>expr{:AppState.APP_LANGUAGE}=en-US - 115
2018-02-23 15:32:06.379 - form_select :Menu1Option:FIELD - 115
2018-02-23 15:32:27.925 - input_start :VOICE - 136
2018-02-23 15:32:27.925 - prompt  - 136
2018-02-23 15:32:27.926 - prompt_play tts|<?xml version="1.0" encoding="UTF-8"?><speak version="1.0" xmlns="http://www.w3.org/2001/10/synthesis" xml:lang="en-US">welcome             press 1 for division     press 2 for subtraction     press 3 for multiplication</speak> - 136
2018-02-23 15:32:27.926 - prompt_end done - 136
2018-02-23 15:32:27.927 - input_end NO_INPUT||||| - 136
2018-02-23 15:32:27.927 - event noinput:1| - 136
2018-02-23 15:32:27.927 - event_handler_enter :noinput|http://GCDTP054.GADAGET.COM:80/arithmetic operation/src-gen/Main.vxml#Menu1 - 136
2018-02-23 15:32:28.324 - event com.genesyslab.composer.toomanynoinputs:1|exceeded the number of noinput retries - 300
2018-02-23 15:32:28.324 - event_handler_exit :noinput - 300
2018-02-23 15:32:28.324 - event_handler_enter :error .|http://GCDTP054.GADAGET.COM:80/arithmetic operation/src-gen/Main.vxml - 300
2018-02-23 15:32:28.744 - log com.genesyslab.quality.failure:error event terminated session - 305
2018-02-23 15:32:29.281 - prompt  - 0
2018-02-23 15:32:29.281 - fetch_start audio:file://C:\Program Files\GCTI\gvp\VP Media Control Platform 8.1\GVP_Media_Control_Platform\audio/ulaw\default_audio/sorry_there_has_been_an_error.vox - 0
2018-02-23 15:32:29.281 - fetch_end Done (file):file://C:\Program Files\GCTI\gvp\VP Media Control Platform 8.1\GVP_Media_Control_Platform\audio/ulaw\default_audio/sorry_there_has_been_an_error.vox - 0
2018-02-23 15:32:29.281 - prompt_play audio|builtin:default_audio/sorry_there_has_been_an_error.vox - 0
2018-02-23 15:32:29.281 - exec_error Could not play audio builtin:default_audio/sorry_there_has_been_an_error.vox - 0
2018-02-23 15:32:29.282 - prompt_end done - 0
2018-02-23 15:32:29.282 - event_handler_exit :error . - 0
2018-02-23 15:32:29.282 - appl_end  - 0
